<?xml version="1.0" encoding="UTF-8" ?>
<testsuite failures="0" time="0.012" errors="0" skipped="0" tests="1" name="net.sti.learning.AppTest">
  <properties>
    <property name="java.runtime.name" value="Java(TM) SE Runtime Environment"/>
    <property name="sun.boot.library.path" value="C:\Program Files\Java\jdk1.6.0_27\jre\bin"/>
    <property name="java.vm.version" value="20.2-b06"/>
    <property name="java.vm.vendor" value="Sun Microsystems Inc."/>
    <property name="java.vendor.url" value="http://java.sun.com/"/>
    <property name="path.separator" value=";"/>
    <property name="java.vm.name" value="Java HotSpot(TM) 64-Bit Server VM"/>
    <property name="file.encoding.pkg" value="sun.io"/>
    <property name="user.country" value="US"/>
    <property name="sun.java.launcher" value="SUN_STANDARD"/>
    <property name="sun.os.patch.level" value="Service Pack 1"/>
    <property name="java.vm.specification.name" value="Java Virtual Machine Specification"/>
    <property name="user.dir" value="D:\workspace\BlogEngineCore"/>
    <property name="java.runtime.version" value="1.6.0_27-b07"/>
    <property name="java.awt.graphicsenv" value="sun.awt.Win32GraphicsEnvironment"/>
    <property name="basedir" value="D:\workspace\BlogEngineCore"/>
    <property name="java.endorsed.dirs" value="C:\Program Files\Java\jdk1.6.0_27\jre\lib\endorsed"/>
    <property name="os.arch" value="amd64"/>
    <property name="surefire.real.class.path" value="C:\Users\Laurent\AppData\Local\Temp\surefirebooter5826536390332286487.jar"/>
    <property name="java.io.tmpdir" value="C:\Users\Laurent\AppData\Local\Temp\"/>
    <property name="line.separator" value="
"/>
    <property name="java.vm.specification.vendor" value="Sun Microsystems Inc."/>
    <property name="user.variant" value=""/>
    <property name="os.name" value="Windows 7"/>
    <property name="sun.jnu.encoding" value="Cp1252"/>
    <property name="java.library.path" value="C:\Program Files\Java\jdk1.6.0_27\jre\bin;C:\Windows\Sun\Java\bin;C:\Windows\system32;C:\Windows;C:/Program Files/Java/jdk1.6.0_27/bin/../jre/bin/server;C:/Program Files/Java/jdk1.6.0_27/bin/../jre/bin;C:/Program Files/Java/jdk1.6.0_27/bin/../jre/lib/amd64;C:\gwt-2.4.0;C:\apache-maven-2.2.1\bin;C:\android-sdk\platform-tools;C:\android-sdk\tools;C:\Program Files (x86)\ActiveState Komodo Edit 6\;C:\Program Files\Common Files\Microsoft Shared\Windows Live;C:\apache-ant-1.8.2\bin;C:\Program Files\Java\jdk1.6.0_27\bin;C:\Program Files (x86)\NVIDIA Corporation\PhysX\Common;C:\Windows\system32;C:\Windows;C:\Windows\System32\Wbem;C:\Windows\System32\WindowsPowerShell\v1.0\;C:\Program Files\Intel\WiFi\bin\;C:\Program Files\Common Files\Intel\WirelessCommon\;C:\Program Files (x86)\QuickTime\QTSystem\;C:\Program Files\MySQL\MySQL Server 5.5\bin;C:\Program Files (x86)\Git\cmd;C:\Program Files (x86)\Git\bin;C:\Program Files\Intel\WiFi\bin\;C:\Program Files\Common Files\Intel\WirelessCommon\;C:\eclipse;;."/>
    <property name="surefire.test.class.path" value="D:\workspace\BlogEngineCore\target\test-classes;D:\workspace\BlogEngineCore\target\classes;C:\Users\Laurent\.m2\repository\junit\junit\3.8.1\junit-3.8.1.jar;C:\Users\Laurent\.m2\repository\org\hibernate\hibernate-core\3.6.8.Final\hibernate-core-3.6.8.Final.jar;C:\Users\Laurent\.m2\repository\antlr\antlr\2.7.6\antlr-2.7.6.jar;C:\Users\Laurent\.m2\repository\commons-collections\commons-collections\3.1\commons-collections-3.1.jar;C:\Users\Laurent\.m2\repository\dom4j\dom4j\1.6.1\dom4j-1.6.1.jar;C:\Users\Laurent\.m2\repository\org\hibernate\hibernate-commons-annotations\3.2.0.Final\hibernate-commons-annotations-3.2.0.Final.jar;C:\Users\Laurent\.m2\repository\org\slf4j\slf4j-api\1.6.1\slf4j-api-1.6.1.jar;C:\Users\Laurent\.m2\repository\org\hibernate\javax\persistence\hibernate-jpa-2.0-api\1.0.1.Final\hibernate-jpa-2.0-api-1.0.1.Final.jar;C:\Users\Laurent\.m2\repository\javax\transaction\jta\1.1\jta-1.1.jar;C:\Users\Laurent\.m2\repository\mysql\mysql-connector-java\5.1.18\mysql-connector-java-5.1.18.jar;C:\Users\Laurent\.m2\repository\org\springframework\spring-core\3.0.6.RELEASE\spring-core-3.0.6.RELEASE.jar;C:\Users\Laurent\.m2\repository\org\springframework\spring-asm\3.0.6.RELEASE\spring-asm-3.0.6.RELEASE.jar;C:\Users\Laurent\.m2\repository\commons-logging\commons-logging\1.1.1\commons-logging-1.1.1.jar;C:\Users\Laurent\.m2\repository\org\springframework\spring-context\3.0.6.RELEASE\spring-context-3.0.6.RELEASE.jar;C:\Users\Laurent\.m2\repository\org\springframework\spring-aop\3.0.6.RELEASE\spring-aop-3.0.6.RELEASE.jar;C:\Users\Laurent\.m2\repository\aopalliance\aopalliance\1.0\aopalliance-1.0.jar;C:\Users\Laurent\.m2\repository\org\springframework\spring-beans\3.0.6.RELEASE\spring-beans-3.0.6.RELEASE.jar;C:\Users\Laurent\.m2\repository\org\springframework\spring-expression\3.0.6.RELEASE\spring-expression-3.0.6.RELEASE.jar;C:\Users\Laurent\.m2\repository\org\springframework\spring-jdbc\3.0.6.RELEASE\spring-jdbc-3.0.6.RELEASE.jar;C:\Users\Laurent\.m2\repository\org\springframework\spring-tx\3.0.6.RELEASE\spring-tx-3.0.6.RELEASE.jar;C:\Users\Laurent\.m2\repository\org\springframework\spring-orm\3.0.6.RELEASE\spring-orm-3.0.6.RELEASE.jar;C:\Users\Laurent\.m2\repository\javassist\javassist\3.12.1.GA\javassist-3.12.1.GA.jar;C:\Users\Laurent\.m2\repository\org\hibernate\hibernate-validator\4.0.2.GA\hibernate-validator-4.0.2.GA.jar;C:\Users\Laurent\.m2\repository\javax\validation\validation-api\1.0.0.GA\validation-api-1.0.0.GA.jar;C:\Users\Laurent\.m2\repository\javax\xml\bind\jaxb-api\2.1\jaxb-api-2.1.jar;C:\Users\Laurent\.m2\repository\javax\xml\stream\stax-api\1.0-2\stax-api-1.0-2.jar;C:\Users\Laurent\.m2\repository\javax\activation\activation\1.1\activation-1.1.jar;C:\Users\Laurent\.m2\repository\com\sun\xml\bind\jaxb-impl\2.1.3\jaxb-impl-2.1.3.jar;"/>
    <property name="java.specification.name" value="Java Platform API Specification"/>
    <property name="java.class.version" value="50.0"/>
    <property name="sun.management.compiler" value="HotSpot 64-Bit Tiered Compilers"/>
    <property name="os.version" value="6.1"/>
    <property name="user.home" value="C:\Users\Laurent"/>
    <property name="user.timezone" value=""/>
    <property name="java.awt.printerjob" value="sun.awt.windows.WPrinterJob"/>
    <property name="java.specification.version" value="1.6"/>
    <property name="file.encoding" value="Cp1252"/>
    <property name="user.name" value="Laurent"/>
    <property name="java.class.path" value="D:\workspace\BlogEngineCore\target\test-classes;D:\workspace\BlogEngineCore\target\classes;C:\Users\Laurent\.m2\repository\junit\junit\3.8.1\junit-3.8.1.jar;C:\Users\Laurent\.m2\repository\org\hibernate\hibernate-core\3.6.8.Final\hibernate-core-3.6.8.Final.jar;C:\Users\Laurent\.m2\repository\antlr\antlr\2.7.6\antlr-2.7.6.jar;C:\Users\Laurent\.m2\repository\commons-collections\commons-collections\3.1\commons-collections-3.1.jar;C:\Users\Laurent\.m2\repository\dom4j\dom4j\1.6.1\dom4j-1.6.1.jar;C:\Users\Laurent\.m2\repository\org\hibernate\hibernate-commons-annotations\3.2.0.Final\hibernate-commons-annotations-3.2.0.Final.jar;C:\Users\Laurent\.m2\repository\org\slf4j\slf4j-api\1.6.1\slf4j-api-1.6.1.jar;C:\Users\Laurent\.m2\repository\org\hibernate\javax\persistence\hibernate-jpa-2.0-api\1.0.1.Final\hibernate-jpa-2.0-api-1.0.1.Final.jar;C:\Users\Laurent\.m2\repository\javax\transaction\jta\1.1\jta-1.1.jar;C:\Users\Laurent\.m2\repository\mysql\mysql-connector-java\5.1.18\mysql-connector-java-5.1.18.jar;C:\Users\Laurent\.m2\repository\org\springframework\spring-core\3.0.6.RELEASE\spring-core-3.0.6.RELEASE.jar;C:\Users\Laurent\.m2\repository\org\springframework\spring-asm\3.0.6.RELEASE\spring-asm-3.0.6.RELEASE.jar;C:\Users\Laurent\.m2\repository\commons-logging\commons-logging\1.1.1\commons-logging-1.1.1.jar;C:\Users\Laurent\.m2\repository\org\springframework\spring-context\3.0.6.RELEASE\spring-context-3.0.6.RELEASE.jar;C:\Users\Laurent\.m2\repository\org\springframework\spring-aop\3.0.6.RELEASE\spring-aop-3.0.6.RELEASE.jar;C:\Users\Laurent\.m2\repository\aopalliance\aopalliance\1.0\aopalliance-1.0.jar;C:\Users\Laurent\.m2\repository\org\springframework\spring-beans\3.0.6.RELEASE\spring-beans-3.0.6.RELEASE.jar;C:\Users\Laurent\.m2\repository\org\springframework\spring-expression\3.0.6.RELEASE\spring-expression-3.0.6.RELEASE.jar;C:\Users\Laurent\.m2\repository\org\springframework\spring-jdbc\3.0.6.RELEASE\spring-jdbc-3.0.6.RELEASE.jar;C:\Users\Laurent\.m2\repository\org\springframework\spring-tx\3.0.6.RELEASE\spring-tx-3.0.6.RELEASE.jar;C:\Users\Laurent\.m2\repository\org\springframework\spring-orm\3.0.6.RELEASE\spring-orm-3.0.6.RELEASE.jar;C:\Users\Laurent\.m2\repository\javassist\javassist\3.12.1.GA\javassist-3.12.1.GA.jar;C:\Users\Laurent\.m2\repository\org\hibernate\hibernate-validator\4.0.2.GA\hibernate-validator-4.0.2.GA.jar;C:\Users\Laurent\.m2\repository\javax\validation\validation-api\1.0.0.GA\validation-api-1.0.0.GA.jar;C:\Users\Laurent\.m2\repository\javax\xml\bind\jaxb-api\2.1\jaxb-api-2.1.jar;C:\Users\Laurent\.m2\repository\javax\xml\stream\stax-api\1.0-2\stax-api-1.0-2.jar;C:\Users\Laurent\.m2\repository\javax\activation\activation\1.1\activation-1.1.jar;C:\Users\Laurent\.m2\repository\com\sun\xml\bind\jaxb-impl\2.1.3\jaxb-impl-2.1.3.jar;"/>
    <property name="java.vm.specification.version" value="1.0"/>
    <property name="sun.arch.data.model" value="64"/>
    <property name="java.home" value="C:\Program Files\Java\jdk1.6.0_27\jre"/>
    <property name="sun.java.command" value="C:\Users\Laurent\AppData\Local\Temp\surefirebooter5826536390332286487.jar C:\Users\Laurent\AppData\Local\Temp\surefire1249295371197674463tmp C:\Users\Laurent\AppData\Local\Temp\surefire4255965834246760066tmp"/>
    <property name="java.specification.vendor" value="Sun Microsystems Inc."/>
    <property name="user.language" value="en"/>
    <property name="awt.toolkit" value="sun.awt.windows.WToolkit"/>
    <property name="java.vm.info" value="mixed mode"/>
    <property name="java.version" value="1.6.0_27"/>
    <property name="java.ext.dirs" value="C:\Program Files\Java\jdk1.6.0_27\jre\lib\ext;C:\Windows\Sun\Java\lib\ext"/>
    <property name="sun.boot.class.path" value="C:\Program Files\Java\jdk1.6.0_27\jre\lib\resources.jar;C:\Program Files\Java\jdk1.6.0_27\jre\lib\rt.jar;C:\Program Files\Java\jdk1.6.0_27\jre\lib\sunrsasign.jar;C:\Program Files\Java\jdk1.6.0_27\jre\lib\jsse.jar;C:\Program Files\Java\jdk1.6.0_27\jre\lib\jce.jar;C:\Program Files\Java\jdk1.6.0_27\jre\lib\charsets.jar;C:\Program Files\Java\jdk1.6.0_27\jre\lib\modules\jdk.boot.jar;C:\Program Files\Java\jdk1.6.0_27\jre\classes"/>
    <property name="java.vendor" value="Sun Microsystems Inc."/>
    <property name="localRepository" value="C:\Users\Laurent\.m2\repository"/>
    <property name="file.separator" value="\"/>
    <property name="java.vendor.url.bug" value="http://java.sun.com/cgi-bin/bugreport.cgi"/>
    <property name="sun.cpu.endian" value="little"/>
    <property name="sun.io.unicode.encoding" value="UnicodeLittle"/>
    <property name="sun.desktop" value="windows"/>
    <property name="sun.cpu.isalist" value="amd64"/>
  </properties>
  <testcase time="0.001" classname="net.sti.learning.AppTest" name="testApp"/>
</testsuite>